<?xml version="1.0" encoding="UTF-8" standalone="yes"?><!DOCTYPE report PUBLIC "-//JACOCO//DTD Report 1.1//EN" "report.dtd"><report name="Testing Arithmetic Operations"><sessioninfo id="OptiPlex-3000-d7594d87" start="1751966322778" dump="1751966323260"/><sessioninfo id="OptiPlex-3000-2ad878cc" start="1751966887312" dump="1751966887778"/><sessioninfo id="OptiPlex-3000-24c51d1e" start="1751967252465" dump="1751967252965"/><sessioninfo id="OptiPlex-3000-f92f8e6f" start="1751967650207" dump="1751967650688"/></report>